<?xml version="1.0" encoding="UTF-8"?>
<!-- Generated by org.testng.reporters.JUnitXMLReporter -->
<testsuite ignored="0" hostname="DESKTOP-JPO59LL" failures="0" tests="5" name="Default test" time="14.357" errors="0" timestamp="2021-05-21T10:14:07 IST">
  <testcase classname="activities.Activity3" name="addPets" time="6.041"/>
  <testcase classname="activities.Activity3" name="getPets" time="1.729"/>
  <testcase classname="activities.Activity3" name="getPets" time="1.487"/>
  <testcase classname="activities.Activity3" name="deletePets" time="1.439"/>
  <testcase classname="activities.Activity3" name="deletePets" time="1.382"/>
</testsuite> <!-- Default test -->
