<?xml version="1.0" encoding="UTF-8"?>
<testng-results ignored="0" total="5" passed="5" failed="0" skipped="0">
  <reporter-output>
  </reporter-output>
  <suite started-at="2021-05-21T10:13:52 IST" name="Default suite" finished-at="2021-05-21T10:14:07 IST" duration-ms="14357">
    <groups>
    </groups>
    <test started-at="2021-05-21T10:13:52 IST" name="Default test" finished-at="2021-05-21T10:14:07 IST" duration-ms="14357">
      <class name="activities.Activity3">
        <test-method is-config="true" signature="setUp()[pri:0, instance:activities.Activity3@1329eff]" started-at="2021-05-21T10:13:52 IST" name="setUp" finished-at="2021-05-21T10:13:54 IST" duration-ms="2012" status="PASS">
          <reporter-output>
          </reporter-output>
        </test-method> <!-- setUp -->
        <test-method signature="addPets()[pri:1, instance:activities.Activity3@1329eff]" started-at="2021-05-21T10:13:54 IST" name="addPets" finished-at="2021-05-21T10:14:01 IST" duration-ms="6041" status="PASS">
          <reporter-output>
          </reporter-output>
        </test-method> <!-- addPets -->
        <test-method signature="getPets(int, java.lang.String, java.lang.String)[pri:2, instance:activities.Activity3@1329eff]" started-at="2021-05-21T10:14:01 IST" name="getPets" data-provider="petInfoProvider" finished-at="2021-05-21T10:14:02 IST" duration-ms="1729" status="PASS">
          <params>
            <param index="0">
              <value>
                <![CDATA[77232]]>
              </value>
            </param>
            <param index="1">
              <value>
                <![CDATA[Riley]]>
              </value>
            </param>
            <param index="2">
              <value>
                <![CDATA[alive]]>
              </value>
            </param>
          </params>
          <reporter-output>
          </reporter-output>
        </test-method> <!-- getPets -->
        <test-method signature="getPets(int, java.lang.String, java.lang.String)[pri:2, instance:activities.Activity3@1329eff]" started-at="2021-05-21T10:14:02 IST" name="getPets" data-provider="petInfoProvider" finished-at="2021-05-21T10:14:04 IST" duration-ms="1487" status="PASS">
          <params>
            <param index="0">
              <value>
                <![CDATA[77233]]>
              </value>
            </param>
            <param index="1">
              <value>
                <![CDATA[Hansel]]>
              </value>
            </param>
            <param index="2">
              <value>
                <![CDATA[alive]]>
              </value>
            </param>
          </params>
          <reporter-output>
          </reporter-output>
        </test-method> <!-- getPets -->
        <test-method signature="deletePets(int, java.lang.String, java.lang.String)[pri:3, instance:activities.Activity3@1329eff]" started-at="2021-05-21T10:14:04 IST" name="deletePets" data-provider="petInfoProvider" finished-at="2021-05-21T10:14:05 IST" duration-ms="1439" status="PASS">
          <params>
            <param index="0">
              <value>
                <![CDATA[77232]]>
              </value>
            </param>
            <param index="1">
              <value>
                <![CDATA[Riley]]>
              </value>
            </param>
            <param index="2">
              <value>
                <![CDATA[alive]]>
              </value>
            </param>
          </params>
          <reporter-output>
          </reporter-output>
        </test-method> <!-- deletePets -->
        <test-method signature="deletePets(int, java.lang.String, java.lang.String)[pri:3, instance:activities.Activity3@1329eff]" started-at="2021-05-21T10:14:05 IST" name="deletePets" data-provider="petInfoProvider" finished-at="2021-05-21T10:14:07 IST" duration-ms="1382" status="PASS">
          <params>
            <param index="0">
              <value>
                <![CDATA[77233]]>
              </value>
            </param>
            <param index="1">
              <value>
                <![CDATA[Hansel]]>
              </value>
            </param>
            <param index="2">
              <value>
                <![CDATA[alive]]>
              </value>
            </param>
          </params>
          <reporter-output>
          </reporter-output>
        </test-method> <!-- deletePets -->
      </class> <!-- activities.Activity3 -->
    </test> <!-- Default test -->
  </suite> <!-- Default suite -->
</testng-results>
