<?xml version="1.0" encoding="UTF-8"?>
<!-- Generated by org.testng.reporters.JUnitXMLReporter -->
<testsuite ignored="0" hostname="DESKTOP-JPO59LL" failures="0" tests="5" name="Default test" time="11.076" errors="0" timestamp="2021-05-20T19:52:37 IST">
  <testcase classname="testNGTests.Activity5" name="pageTitleTest" time="0.038"/>
  <testcase classname="testNGTests.Activity5" name="ButtonTest1" time="0.104"/>
  <testcase classname="testNGTests.Activity5" name="ButtonTest2" time="0.046"/>
  <testcase classname="testNGTests.Activity5" name="HeaderTest1" time="0.075"/>
  <testcase classname="testNGTests.Activity5" name="HeaderTest2" time="0.03"/>
</testsuite> <!-- Default test -->
